<?xml version="1.0" encoding="UTF-8"?>
<!-- Generated by org.testng.reporters.JUnitReportReporter -->
<testsuite skipped="0" hostname="Mds-MacBook-Air-2.local" name="datautil.DataDriven" tests="1" failures="0" timestamp="2021-01-02T23:49:25 EST" time="0.941" errors="0">
  <testcase name="getColCount" time="0.941" classname="datautil.DataDriven"/>
  <system-out/>
</testsuite> <!-- datautil.DataDriven -->
