<?xml version="1.0" encoding="UTF-8"?>
<!-- Generated by org.testng.reporters.JUnitReportReporter -->
<testsuite skipped="0" hostname="Mds-MacBook-Air-2.local" name="datautil.MyPracticeXell" tests="1" failures="0" timestamp="2021-01-03T01:51:02 EST" time="0.894" errors="0">
  <testcase name="readxFile" time="0.894" classname="datautil.MyPracticeXell"/>
  <system-out/>
</testsuite> <!-- datautil.MyPracticeXell -->
